{
  "RSpec": {
    "coverage": {
      "/home/joao/workspace/campuscode/ruby/time_jan_16/api-produtos-planos/config/environment.rb": [
        null,
        1,
        null,
        null,
        1
      ],
      "/home/joao/workspace/campuscode/ruby/time_jan_16/api-produtos-planos/config/application.rb": [
        1,
        null,
        1,
        null,
        1,
        1,
        1,
        1,
        1,
        1,
        1,
        null,
        null,
        null,
        null,
        1,
        null,
        1,
        1,
        null,
        1,
        null,
        null,
        null,
        null,
        null,
        null,
        null,
        null,
        null,
        null,
        null,
        1,
        null,
        null,
        1,
        null,
        null
      ],
      "/home/joao/workspace/campuscode/ruby/time_jan_16/api-produtos-planos/config/boot.rb": [
        1,
        null,
        1
      ],
      "/home/joao/workspace/campuscode/ruby/time_jan_16/api-produtos-planos/config/environments/test.rb": [
        1,
        null,
        null,
        null,
        null,
        null,
        null,
        1,
        null,
        null,
        null,
        null,
        1,
        null,
        null,
        1,
        1,
        null,
        null,
        1,
        1,
        null,
        null,
        1,
        null,
        null,
        1,
        null,
        null,
        null,
        null,
        1,
        null,
        null,
        1,
        null,
        null,
        1,
        null,
        null,
        null,
        null
      ],
      "/home/joao/workspace/campuscode/ruby/time_jan_16/api-produtos-planos/config/initializers/assets.rb": [
        null,
        null,
        null,
        1,
        null,
        null,
        null,
        null,
        null,
        null,
        null
      ],
      "/home/joao/workspace/campuscode/ruby/time_jan_16/api-produtos-planos/config/initializers/backtrace_silencers.rb": [
        null,
        null,
        null,
        null,
        null,
        null,
        null
      ],
      "/home/joao/workspace/campuscode/ruby/time_jan_16/api-produtos-planos/config/initializers/cookies_serializer.rb": [
        null,
        null,
        1
      ],
      "/home/joao/workspace/campuscode/ruby/time_jan_16/api-produtos-planos/config/initializers/filter_parameter_logging.rb": [
        null,
        null,
        null,
        1
      ],
      "/home/joao/workspace/campuscode/ruby/time_jan_16/api-produtos-planos/config/initializers/inflections.rb": [
        null,
        null,
        null,
        null,
        null,
        null,
        null,
        null,
        null,
        null,
        null,
        null,
        null,
        null,
        null,
        null
      ],
      "/home/joao/workspace/campuscode/ruby/time_jan_16/api-produtos-planos/config/initializers/mime_types.rb": [
        null,
        null,
        null,
        null
      ],
      "/home/joao/workspace/campuscode/ruby/time_jan_16/api-produtos-planos/config/initializers/session_store.rb": [
        null,
        null,
        1
      ],
      "/home/joao/workspace/campuscode/ruby/time_jan_16/api-produtos-planos/config/initializers/simple_form.rb": [
        null,
        1,
        null,
        null,
        null,
        null,
        null,
        1,
        null,
        null,
        null,
        null,
        null,
        null,
        null,
        null,
        null,
        1,
        null,
        null,
        null,
        1,
        null,
        null,
        null,
        null,
        null,
        null,
        null,
        null,
        1,
        null,
        null,
        1,
        null,
        null,
        1,
        null,
        null,
        1,
        null,
        null,
        1,
        1,
        null,
        null,
        null,
        null,
        null,
        null,
        1,
        null,
        null,
        null,
        null,
        1,
        null,
        null,
        null,
        null,
        null,
        1,
        null,
        null,
        1,
        null,
        null,
        null,
        null,
        null,
        null,
        null,
        1,
        null,
        null,
        1,
        null,
        null,
        null,
        null,
        null,
        null,
        null,
        null,
        null,
        null,
        null,
        null,
        null,
        null,
        null,
        null,
        null,
        null,
        null,
        null,
        null,
        null,
        null,
        null,
        null,
        null,
        null,
        1,
        null,
        null,
        null,
        1,
        null,
        null,
        null,
        null,
        null,
        null,
        null,
        null,
        null,
        null,
        null,
        null,
        null,
        null,
        null,
        null,
        null,
        1,
        null,
        null,
        null,
        null,
        null,
        null,
        null,
        null,
        null,
        null,
        null,
        null,
        null,
        null,
        null,
        null,
        null,
        null,
        null,
        null,
        null,
        null,
        null,
        null,
        null,
        null,
        null,
        null,
        null,
        null,
        null,
        null,
        null,
        null,
        null,
        null,
        1,
        null,
        null,
        null,
        null,
        null,
        null,
        null,
        null
      ],
      "/home/joao/workspace/campuscode/ruby/time_jan_16/api-produtos-planos/config/initializers/simple_form_bootstrap.rb": [
        null,
        1,
        1,
        1,
        1,
        null,
        1,
        1,
        1,
        1,
        1,
        1,
        1,
        1,
        null,
        1,
        1,
        1,
        null,
        null,
        1,
        1,
        1,
        1,
        1,
        1,
        null,
        1,
        1,
        1,
        null,
        null,
        1,
        1,
        1,
        null,
        1,
        1,
        null,
        null,
        1,
        1,
        null,
        null,
        1,
        1,
        1,
        1,
        1,
        1,
        1,
        null,
        null,
        1,
        1,
        1,
        1,
        1,
        1,
        1,
        1,
        null,
        1,
        1,
        1,
        1,
        null,
        null,
        null,
        1,
        1,
        1,
        1,
        1,
        1,
        null,
        1,
        1,
        1,
        1,
        null,
        null,
        null,
        1,
        1,
        1,
        null,
        1,
        1,
        1,
        null,
        null,
        1,
        1,
        null,
        null,
        null,
        1,
        1,
        1,
        null,
        1,
        null,
        1,
        1,
        1,
        1,
        null,
        null,
        null,
        1,
        1,
        1,
        1,
        1,
        1,
        1,
        1,
        null,
        1,
        1,
        1,
        null,
        null,
        1,
        1,
        1,
        1,
        1,
        1,
        1,
        1,
        null,
        null,
        null,
        null,
        null,
        null,
        1,
        1,
        null,
        null,
        null,
        null,
        null,
        null,
        null,
        null,
        null
      ],
      "/home/joao/workspace/campuscode/ruby/time_jan_16/api-produtos-planos/config/initializers/wrap_parameters.rb": [
        null,
        null,
        null,
        null,
        null,
        null,
        1,
        1,
        null,
        null,
        null,
        null,
        null,
        null
      ],
      "/home/joao/workspace/campuscode/ruby/time_jan_16/api-produtos-planos/spec/factories/periodicities.rb": [
        1,
        1,
        1,
        5,
        null,
        1,
        null,
        null
      ],
      "/home/joao/workspace/campuscode/ruby/time_jan_16/api-produtos-planos/spec/factories/plans.rb": [
        1,
        1,
        1,
        24,
        null,
        1,
        1,
        1,
        null,
        null
      ],
      "/home/joao/workspace/campuscode/ruby/time_jan_16/api-produtos-planos/spec/factories/prices.rb": [
        1,
        1,
        1,
        1,
        null,
        1,
        1,
        null,
        null
      ],
      "/home/joao/workspace/campuscode/ruby/time_jan_16/api-produtos-planos/spec/factories/products.rb": [
        1,
        1,
        1,
        33,
        null,
        1,
        1,
        null,
        null
      ],
      "/home/joao/workspace/campuscode/ruby/time_jan_16/api-produtos-planos/config/routes.rb": [
        1,
        1,
        null,
        1,
        null,
        1,
        1,
        null,
        1,
        1,
        null,
        1,
        1,
        null,
        null,
        1,
        1,
        null
      ],
      "/home/joao/workspace/campuscode/ruby/time_jan_16/api-produtos-planos/app/helpers/application_helper.rb": [
        1,
        null
      ],
      "/home/joao/workspace/campuscode/ruby/time_jan_16/api-produtos-planos/app/helpers/products_helper.rb": [
        1,
        null
      ],
      "/home/joao/workspace/campuscode/ruby/time_jan_16/api-produtos-planos/app/controllers/api/periodicities_controller.rb": [
        1,
        1,
        1,
        2,
        2,
        null,
        null,
        1,
        1,
        1,
        null,
        null,
        1,
        1,
        1,
        null,
        null,
        1,
        2,
        2,
        2,
        null,
        null,
        1,
        null,
        1,
        4,
        null,
        null,
        null
      ],
      "/home/joao/workspace/campuscode/ruby/time_jan_16/api-produtos-planos/app/controllers/api/api_controller.rb": [
        1,
        null,
        1,
        1,
        1,
        null,
        null
      ],
      "/home/joao/workspace/campuscode/ruby/time_jan_16/api-produtos-planos/lib/application_responder.rb": [
        1,
        1,
        1,
        null,
        null,
        null,
        null,
        null
      ],
      "/home/joao/workspace/campuscode/ruby/time_jan_16/api-produtos-planos/app/controllers/application_controller.rb": [
        1,
        null,
        1,
        1,
        1,
        null,
        null,
        null,
        1,
        null
      ],
      "/home/joao/workspace/campuscode/ruby/time_jan_16/api-produtos-planos/spec/controllers/plans_controller_spec.rb": [
        1,
        null,
        1,
        1,
        1,
        1,
        1,
        1,
        null,
        null,
        null,
        null,
        null,
        null,
        2,
        2,
        null,
        null,
        null,
        1,
        1,
        1,
        null,
        null,
        null,
        1,
        1,
        null,
        null,
        null,
        null,
        1,
        1,
        1,
        1,
        null,
        1,
        1,
        null,
        null,
        null,
        1,
        1,
        1,
        null,
        1,
        1,
        1,
        null,
        null,
        null,
        1,
        1,
        1,
        1,
        1,
        1,
        null,
        null,
        null,
        null,
        1,
        null,
        1,
        null,
        null,
        null
      ],
      "/home/joao/workspace/campuscode/ruby/time_jan_16/api-produtos-planos/app/controllers/api/plans_controller.rb": [
        1,
        1,
        1,
        2,
        40,
        null,
        42,
        null,
        null,
        1,
        2,
        2,
        null,
        null,
        1,
        2,
        2,
        null,
        null,
        1,
        1,
        1,
        1,
        null,
        null,
        1,
        null,
        1,
        3,
        null,
        null,
        null,
        null,
        null,
        null
      ],
      "/home/joao/workspace/campuscode/ruby/time_jan_16/api-produtos-planos/spec/controllers/prices_controller_spec.rb": [
        1,
        null,
        1,
        1,
        1,
        1,
        1,
        null,
        1,
        null,
        null,
        null,
        null,
        1,
        null,
        null,
        null,
        1,
        1,
        1,
        1,
        1,
        null,
        1,
        null,
        null,
        null,
        null,
        1,
        null,
        null,
        null
      ],
      "/home/joao/workspace/campuscode/ruby/time_jan_16/api-produtos-planos/app/controllers/api/prices_controller.rb": [
        1,
        1,
        1,
        1,
        1,
        1,
        null,
        null,
        1,
        null,
        null,
        1,
        2,
        2,
        null,
        null,
        1,
        1,
        1,
        1,
        4,
        null,
        1,
        null,
        null,
        null
      ],
      "/home/joao/workspace/campuscode/ruby/time_jan_16/api-produtos-planos/spec/controllers/products_controller_spec.rb": [
        1,
        null,
        1,
        1,
        1,
        2,
        null,
        null,
        1,
        1,
        null,
        null,
        null,
        1,
        null,
        1,
        null,
        null,
        1,
        1,
        1,
        null,
        1,
        null,
        1,
        null,
        null,
        null,
        null,
        1,
        1,
        1,
        null,
        1,
        null,
        1,
        null,
        null,
        null,
        1,
        1,
        1,
        null,
        1,
        1,
        1,
        null,
        1,
        1,
        null,
        null,
        null,
        1,
        1,
        1,
        1,
        null,
        null,
        1,
        null,
        1,
        null,
        null,
        null
      ],
      "/home/joao/workspace/campuscode/ruby/time_jan_16/api-produtos-planos/app/controllers/api/products_controller.rb": [
        1,
        1,
        1,
        2,
        2,
        null,
        null,
        1,
        1,
        1,
        null,
        null,
        1,
        2,
        2,
        null,
        null,
        1,
        1,
        1,
        1,
        null,
        null,
        1,
        null,
        1,
        3,
        null,
        null,
        null
      ],
      "/home/joao/workspace/campuscode/ruby/time_jan_16/api-produtos-planos/spec/features/user/user_adds_a_new_price_spec.rb": [
        1,
        null,
        1,
        1,
        1,
        null,
        1,
        null,
        null,
        1,
        null,
        null,
        1,
        null,
        null,
        1,
        null,
        1,
        1,
        null,
        1,
        null,
        1,
        1,
        null,
        null
      ],
      "/home/joao/workspace/campuscode/ruby/time_jan_16/api-produtos-planos/spec/features/user/user_creates_a_new_plan_spec.rb": [
        1,
        null,
        1,
        1,
        1,
        null,
        1,
        null,
        1,
        3,
        null,
        null,
        null
      ],
      "/home/joao/workspace/campuscode/ruby/time_jan_16/api-produtos-planos/spec/features/user/user_creates_new_product_spec.rb": [
        1,
        null,
        1,
        1,
        1,
        1,
        null,
        1,
        1,
        1,
        1,
        null,
        1,
        1,
        1,
        1,
        null,
        null,
        1,
        1,
        1,
        null,
        1,
        1,
        null,
        null
      ],
      "/home/joao/workspace/campuscode/ruby/time_jan_16/api-produtos-planos/spec/requests/plans_api_spec.rb": [
        1,
        null,
        1,
        1,
        1,
        1,
        1,
        1,
        null,
        1,
        null,
        1,
        1,
        1,
        1,
        1,
        1,
        null,
        null,
        null,
        1,
        1,
        1,
        1,
        1,
        null,
        1,
        null,
        1,
        null,
        1,
        1,
        1,
        1,
        null,
        null,
        null
      ],
      "/home/joao/workspace/campuscode/ruby/time_jan_16/api-produtos-planos/spec/requests/prices_api_spec.rb": [
        1,
        null,
        1,
        1,
        1,
        1,
        null,
        1,
        null,
        1,
        null,
        1,
        1,
        1,
        null,
        null,
        null,
        null,
        1,
        1,
        1,
        1,
        1,
        1,
        1,
        1,
        1,
        1,
        1,
        null,
        1,
        null,
        1,
        1,
        1,
        1,
        1,
        1,
        null,
        null,
        null
      ],
      "/home/joao/workspace/campuscode/ruby/time_jan_16/api-produtos-planos/spec/requests/products_api_spec.rb": [
        1,
        null,
        1,
        1,
        1,
        1,
        null,
        1,
        1,
        1,
        null,
        null
      ],
      "/home/joao/workspace/campuscode/ruby/time_jan_16/api-produtos-planos/app/models/periodicity.rb": [
        1,
        1,
        1,
        null,
        1,
        null
      ],
      "/home/joao/workspace/campuscode/ruby/time_jan_16/api-produtos-planos/app/models/product.rb": [
        1,
        1,
        null,
        1,
        null,
        1,
        null
      ],
      "/home/joao/workspace/campuscode/ruby/time_jan_16/api-produtos-planos/app/uploaders/image_uploader.rb": [
        null,
        null,
        1,
        1,
        null,
        1,
        69,
        null,
        null
      ],
      "/home/joao/workspace/campuscode/ruby/time_jan_16/api-produtos-planos/app/models/plan.rb": [
        1,
        1,
        1,
        1,
        null,
        1,
        null,
        1,
        null,
        1,
        2,
        null,
        null
      ],
      "/home/joao/workspace/campuscode/ruby/time_jan_16/api-produtos-planos/app/decorators/plan_decorator.rb": [
        1,
        1,
        42,
        null,
        null,
        1,
        null,
        1,
        null,
        2,
        null,
        null,
        1,
        null,
        40,
        null,
        null
      ],
      "/home/joao/workspace/campuscode/ruby/time_jan_16/api-produtos-planos/app/decorators/application_decorator.rb": [
        1,
        1,
        null,
        1,
        50,
        null,
        null
      ],
      "/home/joao/workspace/campuscode/ruby/time_jan_16/api-produtos-planos/app/models/price.rb": [
        1,
        1,
        1,
        null,
        1,
        null
      ],
      "/home/joao/workspace/campuscode/ruby/time_jan_16/api-produtos-planos/app/decorators/price_decorator.rb": [
        1,
        1,
        2,
        null,
        null,
        1,
        null,
        1,
        null,
        2,
        null,
        null
      ],
      "/home/joao/workspace/campuscode/ruby/time_jan_16/api-produtos-planos/app/decorators/product_decorator.rb": [
        1,
        1,
        2,
        null,
        null,
        1,
        null,
        1,
        2,
        null,
        null
      ],
      "/home/joao/workspace/campuscode/ruby/time_jan_16/api-produtos-planos/app/controllers/plans_controller.rb": [
        1,
        1,
        1,
        null,
        1,
        1,
        1,
        null,
        null,
        1,
        1,
        null,
        1,
        1,
        null,
        null,
        1,
        null,
        null,
        1,
        1,
        null,
        null,
        1,
        1,
        1,
        1,
        1,
        null,
        null,
        1,
        null,
        1,
        3,
        null,
        null,
        1,
        2,
        null,
        null,
        1,
        2,
        null,
        null,
        null,
        1,
        3,
        null,
        null,
        1,
        null,
        3,
        2,
        null,
        null,
        1,
        1,
        null,
        1,
        null,
        null
      ],
      "/home/joao/workspace/campuscode/ruby/time_jan_16/api-produtos-planos/app/custom_inputs/array_input.rb": [
        1,
        1,
        1,
        null,
        null,
        1,
        null,
        null,
        null,
        1,
        null,
        null,
        1,
        4,
        null,
        null
      ],
      "/home/joao/workspace/campuscode/ruby/time_jan_16/api-produtos-planos/app/controllers/products_controller.rb": [
        1,
        1,
        2,
        null,
        null,
        1,
        2,
        2,
        null,
        null,
        1,
        1,
        1,
        null,
        null,
        1,
        0,
        null,
        null,
        1,
        0,
        0,
        0,
        null,
        null,
        1,
        null,
        1,
        2,
        null,
        null
      ],
      "/home/joao/workspace/campuscode/ruby/time_jan_16/api-produtos-planos/app/decorators/periodicity_decorator.rb": [
        1,
        1,
        4,
        4,
        null,
        null,
        1,
        4,
        null,
        null,
        1,
        null,
        1,
        null,
        4,
        null,
        null
      ]
    },
    "timestamp": 1457019978
  }
}
