{
  "RSpec": {
    "coverage": {
      "/home/joao/workspace/api-produtos-planos/config/environment.rb": [
        null,
        1,
        null,
        null,
        1
      ],
      "/home/joao/workspace/api-produtos-planos/config/application.rb": [
        1,
        null,
        1,
        null,
        1,
        1,
        1,
        1,
        1,
        1,
        1,
        null,
        null,
        null,
        null,
        1,
        null,
        1,
        1,
        null,
        1,
        null,
        null,
        null,
        null,
        null,
        null,
        null,
        null,
        null,
        null,
        null,
        1,
        null,
        null,
        1,
        null,
        null
      ],
      "/home/joao/workspace/api-produtos-planos/config/boot.rb": [
        1,
        null,
        1
      ],
      "/home/joao/workspace/api-produtos-planos/config/environments/test.rb": [
        1,
        null,
        null,
        null,
        null,
        null,
        null,
        1,
        null,
        null,
        null,
        null,
        1,
        null,
        null,
        1,
        1,
        null,
        null,
        1,
        1,
        null,
        null,
        1,
        null,
        null,
        1,
        null,
        null,
        null,
        null,
        1,
        null,
        null,
        1,
        null,
        null,
        1,
        null,
        null,
        null,
        null
      ],
      "/home/joao/workspace/api-produtos-planos/config/initializers/assets.rb": [
        null,
        null,
        null,
        1,
        null,
        null,
        null,
        null,
        null,
        null,
        null
      ],
      "/home/joao/workspace/api-produtos-planos/config/initializers/backtrace_silencers.rb": [
        null,
        null,
        null,
        null,
        null,
        null,
        null
      ],
      "/home/joao/workspace/api-produtos-planos/config/initializers/cookies_serializer.rb": [
        null,
        null,
        1
      ],
      "/home/joao/workspace/api-produtos-planos/config/initializers/filter_parameter_logging.rb": [
        null,
        null,
        null,
        1
      ],
      "/home/joao/workspace/api-produtos-planos/config/initializers/inflections.rb": [
        null,
        null,
        null,
        null,
        null,
        null,
        null,
        null,
        null,
        null,
        null,
        null,
        null,
        null,
        null,
        null
      ],
      "/home/joao/workspace/api-produtos-planos/config/initializers/mime_types.rb": [
        null,
        null,
        null,
        null
      ],
      "/home/joao/workspace/api-produtos-planos/config/initializers/session_store.rb": [
        null,
        null,
        1
      ],
      "/home/joao/workspace/api-produtos-planos/config/initializers/simple_form.rb": [
        null,
        1,
        null,
        null,
        null,
        null,
        null,
        1,
        null,
        null,
        null,
        null,
        null,
        null,
        null,
        null,
        null,
        1,
        null,
        null,
        null,
        1,
        null,
        null,
        null,
        null,
        null,
        null,
        null,
        null,
        1,
        null,
        null,
        1,
        null,
        null,
        1,
        null,
        null,
        1,
        null,
        null,
        1,
        1,
        null,
        null,
        null,
        null,
        null,
        null,
        1,
        null,
        null,
        null,
        null,
        1,
        null,
        null,
        null,
        null,
        null,
        1,
        null,
        null,
        1,
        null,
        null,
        null,
        null,
        null,
        null,
        null,
        1,
        null,
        null,
        1,
        null,
        null,
        null,
        null,
        null,
        null,
        null,
        null,
        null,
        null,
        null,
        null,
        null,
        null,
        null,
        null,
        null,
        null,
        null,
        null,
        null,
        null,
        null,
        null,
        null,
        null,
        null,
        1,
        null,
        null,
        null,
        1,
        null,
        null,
        null,
        null,
        null,
        null,
        null,
        null,
        null,
        null,
        null,
        null,
        null,
        null,
        null,
        null,
        null,
        1,
        null,
        null,
        null,
        null,
        null,
        null,
        null,
        null,
        null,
        null,
        null,
        null,
        null,
        null,
        null,
        null,
        null,
        null,
        null,
        null,
        null,
        null,
        null,
        null,
        null,
        null,
        null,
        null,
        null,
        null,
        null,
        null,
        null,
        null,
        null,
        null,
        1,
        null,
        null,
        null,
        null,
        null,
        null,
        null,
        null
      ],
      "/home/joao/workspace/api-produtos-planos/config/initializers/simple_form_bootstrap.rb": [
        null,
        1,
        1,
        1,
        1,
        null,
        1,
        1,
        1,
        1,
        1,
        1,
        1,
        1,
        null,
        1,
        1,
        1,
        null,
        null,
        1,
        1,
        1,
        1,
        1,
        1,
        null,
        1,
        1,
        1,
        null,
        null,
        1,
        1,
        1,
        null,
        1,
        1,
        null,
        null,
        1,
        1,
        null,
        null,
        1,
        1,
        1,
        1,
        1,
        1,
        1,
        null,
        null,
        1,
        1,
        1,
        1,
        1,
        1,
        1,
        1,
        null,
        1,
        1,
        1,
        1,
        null,
        null,
        null,
        1,
        1,
        1,
        1,
        1,
        1,
        null,
        1,
        1,
        1,
        1,
        null,
        null,
        null,
        1,
        1,
        1,
        null,
        1,
        1,
        1,
        null,
        null,
        1,
        1,
        null,
        null,
        null,
        1,
        1,
        1,
        null,
        1,
        null,
        1,
        1,
        1,
        1,
        null,
        null,
        null,
        1,
        1,
        1,
        1,
        1,
        1,
        1,
        1,
        null,
        1,
        1,
        1,
        null,
        null,
        1,
        1,
        1,
        1,
        1,
        1,
        1,
        1,
        null,
        null,
        null,
        null,
        null,
        null,
        1,
        1,
        null,
        null,
        null,
        null,
        null,
        null,
        null,
        null,
        null
      ],
      "/home/joao/workspace/api-produtos-planos/config/initializers/wrap_parameters.rb": [
        null,
        null,
        null,
        null,
        null,
        null,
        1,
        1,
        null,
        null,
        null,
        null,
        null,
        null
      ],
      "/home/joao/workspace/api-produtos-planos/spec/factories/periodicities.rb": [
        1,
        1,
        1,
        0,
        null,
        1,
        null,
        null
      ],
      "/home/joao/workspace/api-produtos-planos/spec/factories/plans.rb": [
        1,
        1,
        1,
        1,
        null,
        1,
        1,
        1,
        null,
        null
      ],
      "/home/joao/workspace/api-produtos-planos/spec/factories/prices.rb": [
        1,
        1,
        1,
        0,
        null,
        1,
        1,
        null,
        null
      ],
      "/home/joao/workspace/api-produtos-planos/spec/factories/products.rb": [
        1,
        1,
        1,
        1,
        null,
        1,
        1,
        null,
        null
      ],
      "/home/joao/workspace/api-produtos-planos/config/routes.rb": [
        1,
        1,
        null,
        1,
        null,
        1,
        1,
        null,
        1,
        1,
        null,
        1,
        1,
        null,
        null,
        1,
        1,
        null
      ],
      "/home/joao/workspace/api-produtos-planos/app/helpers/application_helper.rb": [
        1,
        null
      ],
      "/home/joao/workspace/api-produtos-planos/app/helpers/products_helper.rb": [
        1,
        null
      ],
      "/home/joao/workspace/api-produtos-planos/app/models/plan.rb": [
        1,
        1,
        1,
        1,
        null,
        1,
        null,
        1,
        null,
        1,
        2,
        null,
        null
      ],
      "/home/joao/workspace/api-produtos-planos/app/models/product.rb": [
        1,
        1,
        null,
        1,
        null,
        1,
        null
      ],
      "/home/joao/workspace/api-produtos-planos/app/uploaders/image_uploader.rb": [
        null,
        null,
        1,
        1,
        null,
        1,
        1,
        null,
        null
      ],
      "/home/joao/workspace/api-produtos-planos/app/models/periodicity.rb": [
        1,
        1,
        1,
        null,
        1,
        null
      ],
      "/home/joao/workspace/api-produtos-planos/app/controllers/plans_controller.rb": [
        1,
        1,
        1,
        null,
        1,
        0,
        0,
        null,
        null,
        1,
        0,
        null,
        0,
        0,
        null,
        null,
        1,
        null,
        null,
        1,
        1,
        null,
        null,
        1,
        1,
        1,
        1,
        1,
        null,
        null,
        1,
        null,
        1,
        3,
        null,
        null,
        1,
        2,
        null,
        null,
        1,
        1,
        null,
        null,
        null,
        1,
        3,
        null,
        null,
        1,
        null,
        2,
        1,
        null,
        null,
        1,
        1,
        null,
        1,
        null,
        null
      ],
      "/home/joao/workspace/api-produtos-planos/app/controllers/application_controller.rb": [
        1,
        null,
        1,
        1,
        1,
        null,
        null,
        null,
        1,
        null
      ],
      "/home/joao/workspace/api-produtos-planos/lib/application_responder.rb": [
        1,
        1,
        1,
        null,
        null,
        null,
        null,
        null
      ],
      "/home/joao/workspace/api-produtos-planos/app/models/price.rb": [
        1,
        1,
        1,
        null,
        1,
        null
      ],
      "/home/joao/workspace/api-produtos-planos/app/custom_inputs/array_input.rb": [
        1,
        1,
        1,
        null,
        null,
        1,
        null,
        null,
        null,
        1,
        null,
        null,
        1,
        3,
        null,
        null
      ]
    },
    "timestamp": 1457385273
  }
}
